# JRE version: Java(TM) SE Runtime Environment (8.0_261-b12) (build 1.8.0_261-b12)
# Java VM: Java HotSpot(TM) 64-Bit Server VM (25.261-b12 mixed mode windows-amd64 compressed oops)
Heap:
 PSYoungGen      total 150528K, used 46509K [0x00000000f5580000, 0x00000000ffa00000, 0x0000000100000000)
  eden space 135680K, 27% used [0x00000000f5580000,0x00000000f79b1f20,0x00000000fda00000)
  from space 14848K, 63% used [0x00000000fda00000,0x00000000fe3396d0,0x00000000fe880000)
  to   space 14848K, 0% used [0x00000000fe880000,0x00000000fe880000,0x00000000ff700000)
 ParOldGen       total 125952K, used 22840K [0x00000000e0000000, 0x00000000e7b00000, 0x00000000f5580000)
  object space 125952K, 18% used [0x00000000e0000000,0x00000000e164e000,0x00000000e7b00000)
 Metaspace       used 62473K, capacity 66227K, committed 66324K, reserved 1105920K
  class space    used 8815K, capacity 9472K, committed 9532K, reserved 1048576K
GC Heap History (10 events):
Event: 4.924 GC heap before
{Heap before GC invocations=11 (full 2):
 PSYoungGen      total 93696K, used 7679K [0x00000000f5580000, 0x00000000fdb80000, 0x0000000100000000)
  eden space 84992K, 0% used [0x00000000f5580000,0x00000000f5580000,0x00000000fa880000)
  from space 8704K, 88% used [0x00000000fa880000,0x00000000fafffce8,0x00000000fb100000)
  to   space 9216K, 0% used [0x00000000fd280000,0x00000000fd280000,0x00000000fdb80000)
 ParOldGen       total 56320K, used 8189K [0x00000000e0000000, 0x00000000e3700000, 0x00000000f5580000)
  object space 56320K, 14% used [0x00000000e0000000,0x00000000e07ff7c0,0x00000000e3700000)
 Metaspace       used 33349K, capacity 35389K, committed 35416K, reserved 1079296K
  class space    used 4553K, capacity 4965K, committed 4992K, reserved 1048576K
Event: 4.979 GC heap after
Heap after GC invocations=11 (full 2):
 PSYoungGen      total 93696K, used 0K [0x00000000f5580000, 0x00000000fdb80000, 0x0000000100000000)
  eden space 84992K, 0% used [0x00000000f5580000,0x00000000f5580000,0x00000000fa880000)
  from space 8704K, 0% used [0x00000000fa880000,0x00000000fa880000,0x00000000fb100000)
  to   space 9216K, 0% used [0x00000000fd280000,0x00000000fd280000,0x00000000fdb80000)
 ParOldGen       total 87040K, used 13949K [0x00000000e0000000, 0x00000000e5500000, 0x00000000f5580000)
  object space 87040K, 16% used [0x00000000e0000000,0x00000000e0d9f6e8,0x00000000e5500000)
 Metaspace       used 33349K, capacity 35389K, committed 35416K, reserved 1079296K
  class space    used 4553K, capacity 4965K, committed 4992K, reserved 1048576K
}
Event: 6.992 GC heap before
{Heap before GC invocations=12 (full 2):
 PSYoungGen      total 93696K, used 84992K [0x00000000f5580000, 0x00000000fdb80000, 0x0000000100000000)
  eden space 84992K, 100% used [0x00000000f5580000,0x00000000fa880000,0x00000000fa880000)
  from space 8704K, 0% used [0x00000000fa880000,0x00000000fa880000,0x00000000fb100000)
  to   space 9216K, 0% used [0x00000000fd280000,0x00000000fd280000,0x00000000fdb80000)
 ParOldGen       total 87040K, used 13949K [0x00000000e0000000, 0x00000000e5500000, 0x00000000f5580000)
  object space 87040K, 16% used [0x00000000e0000000,0x00000000e0d9f6e8,0x00000000e5500000)
 Metaspace       used 44984K, capacity 47301K, committed 47704K, reserved 1089536K
  class space    used 6216K, capacity 6657K, committed 6784K, reserved 1048576K
Event: 7.004 GC heap after
Heap after GC invocations=12 (full 2):
 PSYoungGen      total 117760K, used 9208K [0x00000000f5580000, 0x00000000fdb80000, 0x0000000100000000)
  eden space 108544K, 0% used [0x00000000f5580000,0x00000000f5580000,0x00000000fbf80000)
  from space 9216K, 99% used [0x00000000fd280000,0x00000000fdb7e138,0x00000000fdb80000)
  to   space 11264K, 0% used [0x00000000fc580000,0x00000000fc580000,0x00000000fd080000)
 ParOldGen       total 87040K, used 16926K [0x00000000e0000000, 0x00000000e5500000, 0x00000000f5580000)
  object space 87040K, 19% used [0x00000000e0000000,0x00000000e1087ae0,0x00000000e5500000)
 Metaspace       used 44984K, capacity 47301K, committed 47704K, reserved 1089536K
  class space    used 6216K, capacity 6657K, committed 6784K, reserved 1048576K
}
Event: 9.477 GC heap before
{Heap before GC invocations=13 (full 2):
 PSYoungGen      total 117760K, used 117752K [0x00000000f5580000, 0x00000000fdb80000, 0x0000000100000000)
  eden space 108544K, 100% used [0x00000000f5580000,0x00000000fbf80000,0x00000000fbf80000)
  from space 9216K, 99% used [0x00000000fd280000,0x00000000fdb7e138,0x00000000fdb80000)
  to   space 11264K, 0% used [0x00000000fc580000,0x00000000fc580000,0x00000000fd080000)
 ParOldGen       total 87040K, used 16926K [0x00000000e0000000, 0x00000000e5500000, 0x00000000f5580000)
  object space 87040K, 19% used [0x00000000e0000000,0x00000000e1087ae0,0x00000000e5500000)
 Metaspace       used 54033K, capacity 56353K, committed 56664K, reserved 1097728K
  class space    used 7576K, capacity 8045K, committed 8064K, reserved 1048576K
Event: 9.490 GC heap after
Heap after GC invocations=13 (full 2):
 PSYoungGen      total 125952K, used 11254K [0x00000000f5580000, 0x00000000ff700000, 0x0000000100000000)
  eden space 114688K, 0% used [0x00000000f5580000,0x00000000f5580000,0x00000000fc580000)
  from space 11264K, 99% used [0x00000000fc580000,0x00000000fd07d978,0x00000000fd080000)
  to   space 14848K, 0% used [0x00000000fe880000,0x00000000fe880000,0x00000000ff700000)
 ParOldGen       total 87040K, used 22803K [0x00000000e0000000, 0x00000000e5500000, 0x00000000f5580000)
  object space 87040K, 26% used [0x00000000e0000000,0x00000000e1644d48,0x00000000e5500000)
 Metaspace       used 54033K, capacity 56353K, committed 56664K, reserved 1097728K
  class space    used 7576K, capacity 8045K, committed 8064K, reserved 1048576K
}
Event: 15.537 GC heap before
{Heap before GC invocations=14 (full 2):
 PSYoungGen      total 125952K, used 50467K [0x00000000f5580000, 0x00000000ff700000, 0x0000000100000000)
  eden space 114688K, 34% used [0x00000000f5580000,0x00000000f7bcb3c0,0x00000000fc580000)
  from space 11264K, 99% used [0x00000000fc580000,0x00000000fd07d978,0x00000000fd080000)
  to   space 14848K, 0% used [0x00000000fe880000,0x00000000fe880000,0x00000000ff700000)
 ParOldGen       total 87040K, used 22803K [0x00000000e0000000, 0x00000000e5500000, 0x00000000f5580000)
  object space 87040K, 26% used [0x00000000e0000000,0x00000000e1644d48,0x00000000e5500000)
 Metaspace       used 56347K, capacity 59011K, committed 59028K, reserved 1099776K
  class space    used 7870K, capacity 8364K, committed 8380K, reserved 1048576K
Event: 15.544 GC heap after
Heap after GC invocations=14 (full 2):
 PSYoungGen      total 150528K, used 2708K [0x00000000f5580000, 0x00000000ffa00000, 0x0000000100000000)
  eden space 135680K, 0% used [0x00000000f5580000,0x00000000f5580000,0x00000000fda00000)
  from space 14848K, 18% used [0x00000000fe880000,0x00000000feb251c8,0x00000000ff700000)
  to   space 14848K, 0% used [0x00000000fda00000,0x00000000fda00000,0x00000000fe880000)
 ParOldGen       total 87040K, used 27467K [0x00000000e0000000, 0x00000000e5500000, 0x00000000f5580000)
  object space 87040K, 31% used [0x00000000e0000000,0x00000000e1ad2f88,0x00000000e5500000)
 Metaspace       used 56347K, capacity 59011K, committed 59028K, reserved 1099776K
  class space    used 7870K, capacity 8364K, committed 8380K, reserved 1048576K
}
Event: 15.544 GC heap before
{Heap before GC invocations=15 (full 3):
 PSYoungGen      total 150528K, used 2708K [0x00000000f5580000, 0x00000000ffa00000, 0x0000000100000000)
  eden space 135680K, 0% used [0x00000000f5580000,0x00000000f5580000,0x00000000fda00000)
  from space 14848K, 18% used [0x00000000fe880000,0x00000000feb251c8,0x00000000ff700000)
  to   space 14848K, 0% used [0x00000000fda00000,0x00000000fda00000,0x00000000fe880000)
 ParOldGen       total 87040K, used 27467K [0x00000000e0000000, 0x00000000e5500000, 0x00000000f5580000)
  object space 87040K, 31% used [0x00000000e0000000,0x00000000e1ad2f88,0x00000000e5500000)
 Metaspace       used 56347K, capacity 59011K, committed 59028K, reserved 1099776K
  class space    used 7870K, capacity 8364K, committed 8380K, reserved 1048576K
Event: 15.679 GC heap after
Heap after GC invocations=15 (full 3):
 PSYoungGen      total 150528K, used 0K [0x00000000f5580000, 0x00000000ffa00000, 0x0000000100000000)
  eden space 135680K, 0% used [0x00000000f5580000,0x00000000f5580000,0x00000000fda00000)
  from space 14848K, 0% used [0x00000000fe880000,0x00000000fe880000,0x00000000ff700000)
  to   space 14848K, 0% used [0x00000000fda00000,0x00000000fda00000,0x00000000fe880000)
 ParOldGen       total 125952K, used 22840K [0x00000000e0000000, 0x00000000e7b00000, 0x00000000f5580000)
  object space 125952K, 18% used [0x00000000e0000000,0x00000000e164e000,0x00000000e7b00000)
 Metaspace       used 56347K, capacity 59011K, committed 59028K, reserved 1099776K
  class space    used 7870K, capacity 8364K, committed 8380K, reserved 1048576K
}

