# JRE version: Java(TM) SE Runtime Environment (8.0_261-b12) (build 1.8.0_261-b12)
# Java VM: Java HotSpot(TM) 64-Bit Server VM (25.261-b12 mixed mode windows-amd64 compressed oops)
Heap:
 PSYoungGen      total 61440K, used 31186K [0x00000000f5580000, 0x00000000fbc80000, 0x0000000100000000)
  eden space 52736K, 45% used [0x00000000f5580000,0x00000000f6d23b08,0x00000000f8900000)
  from space 8704K, 80% used [0x00000000f9200000,0x00000000f98d0f18,0x00000000f9a80000)
  to   space 9216K, 0% used [0x00000000f8900000,0x00000000f8900000,0x00000000f9200000)
 ParOldGen       total 54784K, used 6704K [0x00000000e0000000, 0x00000000e3580000, 0x00000000f5580000)
  object space 54784K, 12% used [0x00000000e0000000,0x00000000e068c2a8,0x00000000e3580000)
 Metaspace       used 31093K, capacity 33034K, committed 33152K, reserved 1077248K
  class space    used 4242K, capacity 4619K, committed 4736K, reserved 1048576K
GC Heap History (10 events):
Event: 3.485 GC heap before
{Heap before GC invocations=5 (full 1):
 PSYoungGen      total 37888K, used 5096K [0x00000000f5580000, 0x00000000f9f80000, 0x0000000100000000)
  eden space 32768K, 0% used [0x00000000f5580000,0x00000000f5580000,0x00000000f7580000)
  from space 5120K, 99% used [0x00000000f7a80000,0x00000000f7f7a218,0x00000000f7f80000)
  to   space 5120K, 0% used [0x00000000f7580000,0x00000000f7580000,0x00000000f7a80000)
 ParOldGen       total 86016K, used 5196K [0x00000000e0000000, 0x00000000e5400000, 0x00000000f5580000)
  object space 86016K, 6% used [0x00000000e0000000,0x00000000e0513088,0x00000000e5400000)
 Metaspace       used 19791K, capacity 21152K, committed 21248K, reserved 1067008K
  class space    used 2677K, capacity 2986K, committed 3072K, reserved 1048576K
Event: 3.511 GC heap after
Heap after GC invocations=5 (full 1):
 PSYoungGen      total 37888K, used 0K [0x00000000f5580000, 0x00000000f9f80000, 0x0000000100000000)
  eden space 32768K, 0% used [0x00000000f5580000,0x00000000f5580000,0x00000000f7580000)
  from space 5120K, 0% used [0x00000000f7a80000,0x00000000f7a80000,0x00000000f7f80000)
  to   space 5120K, 0% used [0x00000000f7580000,0x00000000f7580000,0x00000000f7a80000)
 ParOldGen       total 54784K, used 6696K [0x00000000e0000000, 0x00000000e3580000, 0x00000000f5580000)
  object space 54784K, 12% used [0x00000000e0000000,0x00000000e068a2a8,0x00000000e3580000)
 Metaspace       used 19791K, capacity 21152K, committed 21248K, reserved 1067008K
  class space    used 2677K, capacity 2986K, committed 3072K, reserved 1048576K
}
Event: 3.702 GC heap before
{Heap before GC invocations=6 (full 1):
 PSYoungGen      total 37888K, used 32768K [0x00000000f5580000, 0x00000000f9f80000, 0x0000000100000000)
  eden space 32768K, 100% used [0x00000000f5580000,0x00000000f7580000,0x00000000f7580000)
  from space 5120K, 0% used [0x00000000f7a80000,0x00000000f7a80000,0x00000000f7f80000)
  to   space 5120K, 0% used [0x00000000f7580000,0x00000000f7580000,0x00000000f7a80000)
 ParOldGen       total 54784K, used 6696K [0x00000000e0000000, 0x00000000e3580000, 0x00000000f5580000)
  object space 54784K, 12% used [0x00000000e0000000,0x00000000e068a2a8,0x00000000e3580000)
 Metaspace       used 21815K, capacity 23266K, committed 23424K, reserved 1069056K
  class space    used 3039K, capacity 3357K, committed 3456K, reserved 1048576K
Event: 3.704 GC heap after
Heap after GC invocations=6 (full 1):
 PSYoungGen      total 37888K, used 2823K [0x00000000f5580000, 0x00000000f9a80000, 0x0000000100000000)
  eden space 32768K, 0% used [0x00000000f5580000,0x00000000f5580000,0x00000000f7580000)
  from space 5120K, 55% used [0x00000000f7580000,0x00000000f7841c20,0x00000000f7a80000)
  to   space 8704K, 0% used [0x00000000f9200000,0x00000000f9200000,0x00000000f9a80000)
 ParOldGen       total 54784K, used 6696K [0x00000000e0000000, 0x00000000e3580000, 0x00000000f5580000)
  object space 54784K, 12% used [0x00000000e0000000,0x00000000e068a2a8,0x00000000e3580000)
 Metaspace       used 21815K, capacity 23266K, committed 23424K, reserved 1069056K
  class space    used 3039K, capacity 3357K, committed 3456K, reserved 1048576K
}
Event: 3.996 GC heap before
{Heap before GC invocations=7 (full 1):
 PSYoungGen      total 37888K, used 35591K [0x00000000f5580000, 0x00000000f9a80000, 0x0000000100000000)
  eden space 32768K, 100% used [0x00000000f5580000,0x00000000f7580000,0x00000000f7580000)
  from space 5120K, 55% used [0x00000000f7580000,0x00000000f7841c20,0x00000000f7a80000)
  to   space 8704K, 0% used [0x00000000f9200000,0x00000000f9200000,0x00000000f9a80000)
 ParOldGen       total 54784K, used 6696K [0x00000000e0000000, 0x00000000e3580000, 0x00000000f5580000)
  object space 54784K, 12% used [0x00000000e0000000,0x00000000e068a2a8,0x00000000e3580000)
 Metaspace       used 25394K, capacity 26942K, committed 27136K, reserved 1073152K
  class space    used 3456K, capacity 3787K, committed 3840K, reserved 1048576K
Event: 4.002 GC heap after
Heap after GC invocations=7 (full 1):
 PSYoungGen      total 61952K, used 4575K [0x00000000f5580000, 0x00000000f9c00000, 0x0000000100000000)
  eden space 53248K, 0% used [0x00000000f5580000,0x00000000f5580000,0x00000000f8980000)
  from space 8704K, 52% used [0x00000000f9200000,0x00000000f9677fb8,0x00000000f9a80000)
  to   space 8704K, 0% used [0x00000000f8980000,0x00000000f8980000,0x00000000f9200000)
 ParOldGen       total 54784K, used 6696K [0x00000000e0000000, 0x00000000e3580000, 0x00000000f5580000)
  object space 54784K, 12% used [0x00000000e0000000,0x00000000e068a2a8,0x00000000e3580000)
 Metaspace       used 25394K, capacity 26942K, committed 27136K, reserved 1073152K
  class space    used 3456K, capacity 3787K, committed 3840K, reserved 1048576K
}
Event: 4.215 GC heap before
{Heap before GC invocations=8 (full 1):
 PSYoungGen      total 61952K, used 57823K [0x00000000f5580000, 0x00000000f9c00000, 0x0000000100000000)
  eden space 53248K, 100% used [0x00000000f5580000,0x00000000f8980000,0x00000000f8980000)
  from space 8704K, 52% used [0x00000000f9200000,0x00000000f9677fb8,0x00000000f9a80000)
  to   space 8704K, 0% used [0x00000000f8980000,0x00000000f8980000,0x00000000f9200000)
 ParOldGen       total 54784K, used 6696K [0x00000000e0000000, 0x00000000e3580000, 0x00000000f5580000)
  object space 54784K, 12% used [0x00000000e0000000,0x00000000e068a2a8,0x00000000e3580000)
 Metaspace       used 26649K, capacity 28158K, committed 28288K, reserved 1073152K
  class space    used 3626K, capacity 3953K, committed 3968K, reserved 1048576K
Event: 4.219 GC heap after
Heap after GC invocations=8 (full 1):
 PSYoungGen      total 61952K, used 3688K [0x00000000f5580000, 0x00000000f9c00000, 0x0000000100000000)
  eden space 53248K, 0% used [0x00000000f5580000,0x00000000f5580000,0x00000000f8980000)
  from space 8704K, 42% used [0x00000000f8980000,0x00000000f8d1a058,0x00000000f9200000)
  to   space 8704K, 0% used [0x00000000f9200000,0x00000000f9200000,0x00000000f9a80000)
 ParOldGen       total 54784K, used 6696K [0x00000000e0000000, 0x00000000e3580000, 0x00000000f5580000)
  object space 54784K, 12% used [0x00000000e0000000,0x00000000e068a2a8,0x00000000e3580000)
 Metaspace       used 26649K, capacity 28158K, committed 28288K, reserved 1073152K
  class space    used 3626K, capacity 3953K, committed 3968K, reserved 1048576K
}
Event: 5.909 GC heap before
{Heap before GC invocations=9 (full 1):
 PSYoungGen      total 61952K, used 56936K [0x00000000f5580000, 0x00000000f9c00000, 0x0000000100000000)
  eden space 53248K, 100% used [0x00000000f5580000,0x00000000f8980000,0x00000000f8980000)
  from space 8704K, 42% used [0x00000000f8980000,0x00000000f8d1a058,0x00000000f9200000)
  to   space 8704K, 0% used [0x00000000f9200000,0x00000000f9200000,0x00000000f9a80000)
 ParOldGen       total 54784K, used 6696K [0x00000000e0000000, 0x00000000e3580000, 0x00000000f5580000)
  object space 54784K, 12% used [0x00000000e0000000,0x00000000e068a2a8,0x00000000e3580000)
 Metaspace       used 29502K, capacity 31236K, committed 31360K, reserved 1077248K
  class space    used 4002K, capacity 4360K, committed 4480K, reserved 1048576K
Event: 5.914 GC heap after
Heap after GC invocations=9 (full 1):
 PSYoungGen      total 61440K, used 6979K [0x00000000f5580000, 0x00000000fbc80000, 0x0000000100000000)
  eden space 52736K, 0% used [0x00000000f5580000,0x00000000f5580000,0x00000000f8900000)
  from space 8704K, 80% used [0x00000000f9200000,0x00000000f98d0f18,0x00000000f9a80000)
  to   space 9216K, 0% used [0x00000000f8900000,0x00000000f8900000,0x00000000f9200000)
 ParOldGen       total 54784K, used 6704K [0x00000000e0000000, 0x00000000e3580000, 0x00000000f5580000)
  object space 54784K, 12% used [0x00000000e0000000,0x00000000e068c2a8,0x00000000e3580000)
 Metaspace       used 29502K, capacity 31236K, committed 31360K, reserved 1077248K
  class space    used 4002K, capacity 4360K, committed 4480K, reserved 1048576K
}

